<?xml version="1.0" encoding="UTF-8"?>
<!-- Generated by org.testng.reporters.JUnitReportReporter -->
<testsuite hostname="ROYZ" failures="0" tests="1" name="com.roy.api.tests.APITestPojo" time="1.574" errors="0" timestamp="2025-06-05T11:48:57 IST" skipped="0">
  <testcase classname="com.roy.api.tests.APITestPojo" name="testCreateUser" time="1.574"/>
  <system-out/>
</testsuite> <!-- com.roy.api.tests.APITestPojo -->
