<?xml version="1.0" encoding="UTF-8"?>
<!-- Generated by org.testng.reporters.JUnitReportReporter -->
<testsuite hostname="ROYZ" failures="0" tests="3" name="com.roy.api.tests.APITests" time="1.490" errors="0" timestamp="2025-06-05T11:48:57 IST" skipped="2">
  <testcase classname="com.roy.api.tests.APITests" name="testGetUser" time="1.490"/>
  <system-out/>
  <testcase classname="com.roy.api.tests.APITests" name="testGetRequest">
    <skipped/>
  </testcase> <!-- testGetRequest -->
  <system-out/>
  <testcase classname="com.roy.api.tests.APITests" name="testPostRequest">
    <skipped/>
  </testcase> <!-- testPostRequest -->
  <system-out/>
</testsuite> <!-- com.roy.api.tests.APITests -->
